Copyright 1986-2019 Xilinx, Inc. All Rights Reserved.
----------------------------------------------------------------------------------------------------------------------------------------------------
| Tool Version     : Vivado v.2019.1 (win64) Build 2552052 Fri May 24 14:49:42 MDT 2019
| Date             : Wed Dec 22 18:12:08 2021
| Host             : CI-89 running 64-bit major release  (build 9200)
| Command          : report_power -file system_top_power_routed.rpt -pb system_top_power_summary_routed.pb -rpx system_top_power_routed.rpx
| Design           : system_top
| Device           : xc7k325tffg900-2
| Design State     : routed
| Grade            : commercial
| Process          : typical
| Characterization : Production
----------------------------------------------------------------------------------------------------------------------------------------------------

Power Report

Table of Contents
-----------------
1. Summary
1.1 On-Chip Components
1.2 Power Supply Summary
1.3 Confidence Level
2. Settings
2.1 Environment
2.2 Clock Constraints
3. Detailed Reports
3.1 By Hierarchy

1. Summary
----------

+--------------------------+--------------+
| Total On-Chip Power (W)  | 3.470        |
| Design Power Budget (W)  | Unspecified* |
| Power Budget Margin (W)  | NA           |
| Dynamic (W)              | 3.274        |
| Device Static (W)        | 0.197        |
| Effective TJA (C/W)      | 1.8          |
| Max Ambient (C)          | 78.8         |
| Junction Temperature (C) | 31.2         |
| Confidence Level         | Low          |
| Setting File             | ---          |
| Simulation Activity File | ---          |
| Design Nets Matched      | NA           |
+--------------------------+--------------+
* Specify Design Power Budget using, set_operating_conditions -design_power_budget <value in Watts>


1.1 On-Chip Components
----------------------

+--------------------------+-----------+----------+-----------+-----------------+
| On-Chip                  | Power (W) | Used     | Available | Utilization (%) |
+--------------------------+-----------+----------+-----------+-----------------+
| Clocks                   |     0.262 |       58 |       --- |             --- |
| Slice Logic              |     0.098 |    79912 |       --- |             --- |
|   LUT as Logic           |     0.078 |    24777 |    203800 |           12.16 |
|   LUT as Distributed RAM |     0.013 |     4624 |     64000 |            7.23 |
|   Register               |     0.005 |    34425 |    407600 |            8.45 |
|   CARRY4                 |     0.002 |      739 |     50950 |            1.45 |
|   LUT as Shift Register  |    <0.001 |     1353 |     64000 |            2.11 |
|   F7/F8 Muxes            |    <0.001 |      544 |    203800 |            0.27 |
|   Others                 |    <0.001 |     2733 |       --- |             --- |
| Signals                  |     0.162 |    59174 |       --- |             --- |
| Block RAM                |     0.045 |       53 |       445 |           11.91 |
| MMCM                     |     0.215 |        2 |        10 |           20.00 |
| PLL                      |     0.133 |        1 |        10 |           10.00 |
| DSPs                     |     0.002 |        4 |       840 |            0.48 |
| I/O                      |     1.230 |      152 |       500 |           30.40 |
| GTX                      |     0.464 |        2 |        16 |           12.50 |
| PHASER                   |     0.661 |       44 |       --- |             --- |
| Static Power             |     0.197 |          |           |                 |
| Total                    |     3.470 |          |           |                 |
+--------------------------+-----------+----------+-----------+-----------------+


1.2 Power Supply Summary
------------------------

+-----------+-------------+-----------+-------------+------------+
| Source    | Voltage (V) | Total (A) | Dynamic (A) | Static (A) |
+-----------+-------------+-----------+-------------+------------+
| Vccint    |       1.000 |     0.917 |       0.828 |      0.089 |
| Vccaux    |       1.800 |     0.500 |       0.471 |      0.029 |
| Vcco33    |       3.300 |     0.000 |       0.000 |      0.000 |
| Vcco25    |       2.500 |     0.042 |       0.041 |      0.001 |
| Vcco18    |       1.800 |     0.000 |       0.000 |      0.000 |
| Vcco15    |       1.500 |     0.422 |       0.421 |      0.001 |
| Vcco135   |       1.350 |     0.000 |       0.000 |      0.000 |
| Vcco12    |       1.200 |     0.000 |       0.000 |      0.000 |
| Vccaux_io |       2.000 |     0.217 |       0.217 |      0.000 |
| Vccbram   |       1.000 |     0.007 |       0.003 |      0.004 |
| MGTAVcc   |       1.000 |     0.256 |       0.251 |      0.005 |
| MGTAVtt   |       1.200 |     0.152 |       0.147 |      0.005 |
| MGTVccaux |       1.800 |     0.000 |       0.000 |      0.000 |
| Vccadc    |       1.800 |     0.020 |       0.000 |      0.020 |
+-----------+-------------+-----------+-------------+------------+


1.3 Confidence Level
--------------------

+-----------------------------+------------+--------------------------------------------------------+------------------------------------------------------------------------------------------------------------+
| User Input Data             | Confidence | Details                                                | Action                                                                                                     |
+-----------------------------+------------+--------------------------------------------------------+------------------------------------------------------------------------------------------------------------+
| Design implementation state | High       | Design is routed                                       |                                                                                                            |
| Clock nodes activity        | High       | User specified more than 95% of clocks                 |                                                                                                            |
| I/O nodes activity          | Low        | More than 75% of inputs are missing user specification | Provide missing input activity with simulation results or by editing the "By Resource Type -> I/Os" view   |
| Internal nodes activity     | Medium     | User specified less than 25% of internal nodes         | Provide missing internal nodes activity with simulation results or by editing the "By Resource Type" views |
| Device models               | High       | Device models are Production                           |                                                                                                            |
|                             |            |                                                        |                                                                                                            |
| Overall confidence level    | Low        |                                                        |                                                                                                            |
+-----------------------------+------------+--------------------------------------------------------+------------------------------------------------------------------------------------------------------------+


2. Settings
-----------

2.1 Environment
---------------

+-----------------------+--------------------------+
| Ambient Temp (C)      | 25.0                     |
| ThetaJA (C/W)         | 1.8                      |
| Airflow (LFM)         | 250                      |
| Heat Sink             | medium (Medium Profile)  |
| ThetaSA (C/W)         | 3.3                      |
| Board Selection       | medium (10"x10")         |
| # of Board Layers     | 12to15 (12 to 15 Layers) |
| Board Temperature (C) | 25.0                     |
+-----------------------+--------------------------+


2.2 Clock Constraints
---------------------

+-----------------------------------------------------------------------------------------------------------------------------------------------------------+-----------------------------------------------------------------------------------------------------------------------------------------------------------------------------------------------------------------------------------------+-----------------+
| Clock                                                                                                                                                     | Domain                                                                                                                                                                                                                                  | Constraint (ns) |
+-----------------------------------------------------------------------------------------------------------------------------------------------------------+-----------------------------------------------------------------------------------------------------------------------------------------------------------------------------------------------------------------------------------------+-----------------+
| clk_pll_i                                                                                                                                                 | i_system_wrapper/system_i/axi_ddr_cntrl/u_system_axi_ddr_cntrl_0_mig/u_ddr3_infrastructure/clk_pll_i                                                                                                                                    |             5.0 |
| clk_ref_mmcm_400                                                                                                                                          | i_system_wrapper/system_i/axi_ddr_cntrl/u_system_axi_ddr_cntrl_0_mig/u_iodelay_ctrl/clk_ref_mmcm_400                                                                                                                                    |             2.5 |
| dbg_hub/inst/BSCANID.u_xsdbm_id/SWITCH_N_EXT_BSCAN.bscan_inst/SERIES7_BSCAN.bscan_inst/TCK                                                                | dbg_hub/inst/BSCANID.u_xsdbm_id/SWITCH_N_EXT_BSCAN.bscan_inst/tck_bs                                                                                                                                                                    |            33.0 |
| freq_refclk                                                                                                                                               | i_system_wrapper/system_i/axi_ddr_cntrl/u_system_axi_ddr_cntrl_0_mig/u_ddr3_infrastructure/freq_refclk                                                                                                                                  |             1.3 |
| i_system_wrapper/system_i/sys_mb_debug/U0/Use_E2.BSCAN_I/Use_E2.BSCANE2_I/DRCK                                                                            | i_system_wrapper/system_i/sys_mb_debug/U0/Use_E2.BSCAN_I/DRCK                                                                                                                                                                           |            33.3 |
| i_system_wrapper/system_i/sys_mb_debug/U0/Use_E2.BSCAN_I/Use_E2.BSCANE2_I/UPDATE                                                                          | i_system_wrapper/system_i/sys_mb_debug/U0/Use_E2.BSCAN_I/Ext_JTAG_UPDATE                                                                                                                                                                |            33.3 |
| iserdes_clkdiv                                                                                                                                            | i_system_wrapper/system_i/axi_ddr_cntrl/u_system_axi_ddr_cntrl_0_mig/u_memc_ui_top_axi/mem_intfc0/ddr_phy_top0/u_ddr_mc_phy_wrapper/u_ddr_mc_phy/ddr_phy_4lanes_0.u_ddr_phy_4lanes/ddr_byte_lane_A.ddr_byte_lane_A/iserdes_clkdiv       |             2.5 |
| iserdes_clkdiv_1                                                                                                                                          | i_system_wrapper/system_i/axi_ddr_cntrl/u_system_axi_ddr_cntrl_0_mig/u_memc_ui_top_axi/mem_intfc0/ddr_phy_top0/u_ddr_mc_phy_wrapper/u_ddr_mc_phy/ddr_phy_4lanes_0.u_ddr_phy_4lanes/ddr_byte_lane_B.ddr_byte_lane_B/iserdes_clkdiv       |             2.5 |
| iserdes_clkdiv_2                                                                                                                                          | i_system_wrapper/system_i/axi_ddr_cntrl/u_system_axi_ddr_cntrl_0_mig/u_memc_ui_top_axi/mem_intfc0/ddr_phy_top0/u_ddr_mc_phy_wrapper/u_ddr_mc_phy/ddr_phy_4lanes_0.u_ddr_phy_4lanes/ddr_byte_lane_C.ddr_byte_lane_C/iserdes_clkdiv       |             2.5 |
| iserdes_clkdiv_3                                                                                                                                          | i_system_wrapper/system_i/axi_ddr_cntrl/u_system_axi_ddr_cntrl_0_mig/u_memc_ui_top_axi/mem_intfc0/ddr_phy_top0/u_ddr_mc_phy_wrapper/u_ddr_mc_phy/ddr_phy_4lanes_0.u_ddr_phy_4lanes/ddr_byte_lane_D.ddr_byte_lane_D/iserdes_clkdiv       |             2.5 |
| iserdes_clkdiv_4                                                                                                                                          | i_system_wrapper/system_i/axi_ddr_cntrl/u_system_axi_ddr_cntrl_0_mig/u_memc_ui_top_axi/mem_intfc0/ddr_phy_top0/u_ddr_mc_phy_wrapper/u_ddr_mc_phy/ddr_phy_4lanes_2.u_ddr_phy_4lanes/ddr_byte_lane_A.ddr_byte_lane_A/iserdes_clkdiv       |             2.5 |
| iserdes_clkdiv_5                                                                                                                                          | i_system_wrapper/system_i/axi_ddr_cntrl/u_system_axi_ddr_cntrl_0_mig/u_memc_ui_top_axi/mem_intfc0/ddr_phy_top0/u_ddr_mc_phy_wrapper/u_ddr_mc_phy/ddr_phy_4lanes_2.u_ddr_phy_4lanes/ddr_byte_lane_B.ddr_byte_lane_B/iserdes_clkdiv       |             2.5 |
| iserdes_clkdiv_6                                                                                                                                          | i_system_wrapper/system_i/axi_ddr_cntrl/u_system_axi_ddr_cntrl_0_mig/u_memc_ui_top_axi/mem_intfc0/ddr_phy_top0/u_ddr_mc_phy_wrapper/u_ddr_mc_phy/ddr_phy_4lanes_2.u_ddr_phy_4lanes/ddr_byte_lane_C.ddr_byte_lane_C/iserdes_clkdiv       |             2.5 |
| iserdes_clkdiv_7                                                                                                                                          | i_system_wrapper/system_i/axi_ddr_cntrl/u_system_axi_ddr_cntrl_0_mig/u_memc_ui_top_axi/mem_intfc0/ddr_phy_top0/u_ddr_mc_phy_wrapper/u_ddr_mc_phy/ddr_phy_4lanes_2.u_ddr_phy_4lanes/ddr_byte_lane_D.ddr_byte_lane_D/iserdes_clkdiv       |             2.5 |
| mem_refclk                                                                                                                                                | i_system_wrapper/system_i/axi_ddr_cntrl/u_system_axi_ddr_cntrl_0_mig/u_ddr3_infrastructure/mem_refclk                                                                                                                                   |             1.3 |
| mmcm_clkfbout                                                                                                                                             | i_system_wrapper/system_i/axi_ddr_cntrl/u_system_axi_ddr_cntrl_0_mig/u_iodelay_ctrl/mmcm_clkfbout                                                                                                                                       |             5.0 |
| mmcm_clkout0                                                                                                                                              | i_system_wrapper/system_i/axi_ddr_cntrl/u_system_axi_ddr_cntrl_0_mig/u_ddr3_infrastructure/mmcm_clkout0                                                                                                                                 |            10.0 |
| mmcm_ps_clk_bufg_in                                                                                                                                       | i_system_wrapper/system_i/axi_ddr_cntrl/u_system_axi_ddr_cntrl_0_mig/u_ddr3_infrastructure/mmcm_ps_clk_bufg_in                                                                                                                          |            10.0 |
| oserdes_clk                                                                                                                                               | i_system_wrapper/system_i/axi_ddr_cntrl/u_system_axi_ddr_cntrl_0_mig/u_memc_ui_top_axi/mem_intfc0/ddr_phy_top0/u_ddr_mc_phy_wrapper/u_ddr_mc_phy/ddr_phy_4lanes_0.u_ddr_phy_4lanes/ddr_byte_lane_A.ddr_byte_lane_A/oserdes_clk          |             1.3 |
| oserdes_clk_1                                                                                                                                             | i_system_wrapper/system_i/axi_ddr_cntrl/u_system_axi_ddr_cntrl_0_mig/u_memc_ui_top_axi/mem_intfc0/ddr_phy_top0/u_ddr_mc_phy_wrapper/u_ddr_mc_phy/ddr_phy_4lanes_0.u_ddr_phy_4lanes/ddr_byte_lane_B.ddr_byte_lane_B/oserdes_clk          |             1.3 |
| oserdes_clk_10                                                                                                                                            | i_system_wrapper/system_i/axi_ddr_cntrl/u_system_axi_ddr_cntrl_0_mig/u_memc_ui_top_axi/mem_intfc0/ddr_phy_top0/u_ddr_mc_phy_wrapper/u_ddr_mc_phy/ddr_phy_4lanes_2.u_ddr_phy_4lanes/ddr_byte_lane_D.ddr_byte_lane_D/oserdes_clk          |             1.3 |
| oserdes_clk_2                                                                                                                                             | i_system_wrapper/system_i/axi_ddr_cntrl/u_system_axi_ddr_cntrl_0_mig/u_memc_ui_top_axi/mem_intfc0/ddr_phy_top0/u_ddr_mc_phy_wrapper/u_ddr_mc_phy/ddr_phy_4lanes_0.u_ddr_phy_4lanes/ddr_byte_lane_C.ddr_byte_lane_C/oserdes_clk          |             1.3 |
| oserdes_clk_3                                                                                                                                             | i_system_wrapper/system_i/axi_ddr_cntrl/u_system_axi_ddr_cntrl_0_mig/u_memc_ui_top_axi/mem_intfc0/ddr_phy_top0/u_ddr_mc_phy_wrapper/u_ddr_mc_phy/ddr_phy_4lanes_0.u_ddr_phy_4lanes/ddr_byte_lane_D.ddr_byte_lane_D/oserdes_clk          |             1.3 |
| oserdes_clk_4                                                                                                                                             | i_system_wrapper/system_i/axi_ddr_cntrl/u_system_axi_ddr_cntrl_0_mig/u_memc_ui_top_axi/mem_intfc0/ddr_phy_top0/u_ddr_mc_phy_wrapper/u_ddr_mc_phy/ddr_phy_4lanes_1.u_ddr_phy_4lanes/ddr_byte_lane_A.ddr_byte_lane_A/oserdes_clk          |             1.3 |
| oserdes_clk_5                                                                                                                                             | i_system_wrapper/system_i/axi_ddr_cntrl/u_system_axi_ddr_cntrl_0_mig/u_memc_ui_top_axi/mem_intfc0/ddr_phy_top0/u_ddr_mc_phy_wrapper/u_ddr_mc_phy/ddr_phy_4lanes_1.u_ddr_phy_4lanes/ddr_byte_lane_B.ddr_byte_lane_B/oserdes_clk          |             1.3 |
| oserdes_clk_6                                                                                                                                             | i_system_wrapper/system_i/axi_ddr_cntrl/u_system_axi_ddr_cntrl_0_mig/u_memc_ui_top_axi/mem_intfc0/ddr_phy_top0/u_ddr_mc_phy_wrapper/u_ddr_mc_phy/ddr_phy_4lanes_1.u_ddr_phy_4lanes/ddr_byte_lane_C.ddr_byte_lane_C/oserdes_clk          |             1.3 |
| oserdes_clk_7                                                                                                                                             | i_system_wrapper/system_i/axi_ddr_cntrl/u_system_axi_ddr_cntrl_0_mig/u_memc_ui_top_axi/mem_intfc0/ddr_phy_top0/u_ddr_mc_phy_wrapper/u_ddr_mc_phy/ddr_phy_4lanes_2.u_ddr_phy_4lanes/ddr_byte_lane_A.ddr_byte_lane_A/oserdes_clk          |             1.3 |
| oserdes_clk_8                                                                                                                                             | i_system_wrapper/system_i/axi_ddr_cntrl/u_system_axi_ddr_cntrl_0_mig/u_memc_ui_top_axi/mem_intfc0/ddr_phy_top0/u_ddr_mc_phy_wrapper/u_ddr_mc_phy/ddr_phy_4lanes_2.u_ddr_phy_4lanes/ddr_byte_lane_B.ddr_byte_lane_B/oserdes_clk          |             1.3 |
| oserdes_clk_9                                                                                                                                             | i_system_wrapper/system_i/axi_ddr_cntrl/u_system_axi_ddr_cntrl_0_mig/u_memc_ui_top_axi/mem_intfc0/ddr_phy_top0/u_ddr_mc_phy_wrapper/u_ddr_mc_phy/ddr_phy_4lanes_2.u_ddr_phy_4lanes/ddr_byte_lane_C.ddr_byte_lane_C/oserdes_clk          |             1.3 |
| oserdes_clkdiv                                                                                                                                            | i_system_wrapper/system_i/axi_ddr_cntrl/u_system_axi_ddr_cntrl_0_mig/u_memc_ui_top_axi/mem_intfc0/ddr_phy_top0/u_ddr_mc_phy_wrapper/u_ddr_mc_phy/ddr_phy_4lanes_0.u_ddr_phy_4lanes/ddr_byte_lane_A.ddr_byte_lane_A/oserdes_clkdiv       |             2.5 |
| oserdes_clkdiv_1                                                                                                                                          | i_system_wrapper/system_i/axi_ddr_cntrl/u_system_axi_ddr_cntrl_0_mig/u_memc_ui_top_axi/mem_intfc0/ddr_phy_top0/u_ddr_mc_phy_wrapper/u_ddr_mc_phy/ddr_phy_4lanes_0.u_ddr_phy_4lanes/ddr_byte_lane_B.ddr_byte_lane_B/oserdes_clkdiv       |             2.5 |
| oserdes_clkdiv_10                                                                                                                                         | i_system_wrapper/system_i/axi_ddr_cntrl/u_system_axi_ddr_cntrl_0_mig/u_memc_ui_top_axi/mem_intfc0/ddr_phy_top0/u_ddr_mc_phy_wrapper/u_ddr_mc_phy/ddr_phy_4lanes_2.u_ddr_phy_4lanes/ddr_byte_lane_D.ddr_byte_lane_D/oserdes_clkdiv       |             2.5 |
| oserdes_clkdiv_2                                                                                                                                          | i_system_wrapper/system_i/axi_ddr_cntrl/u_system_axi_ddr_cntrl_0_mig/u_memc_ui_top_axi/mem_intfc0/ddr_phy_top0/u_ddr_mc_phy_wrapper/u_ddr_mc_phy/ddr_phy_4lanes_0.u_ddr_phy_4lanes/ddr_byte_lane_C.ddr_byte_lane_C/oserdes_clkdiv       |             2.5 |
| oserdes_clkdiv_3                                                                                                                                          | i_system_wrapper/system_i/axi_ddr_cntrl/u_system_axi_ddr_cntrl_0_mig/u_memc_ui_top_axi/mem_intfc0/ddr_phy_top0/u_ddr_mc_phy_wrapper/u_ddr_mc_phy/ddr_phy_4lanes_0.u_ddr_phy_4lanes/ddr_byte_lane_D.ddr_byte_lane_D/oserdes_clkdiv       |             2.5 |
| oserdes_clkdiv_4                                                                                                                                          | i_system_wrapper/system_i/axi_ddr_cntrl/u_system_axi_ddr_cntrl_0_mig/u_memc_ui_top_axi/mem_intfc0/ddr_phy_top0/u_ddr_mc_phy_wrapper/u_ddr_mc_phy/ddr_phy_4lanes_1.u_ddr_phy_4lanes/ddr_byte_lane_A.ddr_byte_lane_A/oserdes_clkdiv       |             5.0 |
| oserdes_clkdiv_5                                                                                                                                          | i_system_wrapper/system_i/axi_ddr_cntrl/u_system_axi_ddr_cntrl_0_mig/u_memc_ui_top_axi/mem_intfc0/ddr_phy_top0/u_ddr_mc_phy_wrapper/u_ddr_mc_phy/ddr_phy_4lanes_1.u_ddr_phy_4lanes/ddr_byte_lane_B.ddr_byte_lane_B/oserdes_clkdiv       |             5.0 |
| oserdes_clkdiv_6                                                                                                                                          | i_system_wrapper/system_i/axi_ddr_cntrl/u_system_axi_ddr_cntrl_0_mig/u_memc_ui_top_axi/mem_intfc0/ddr_phy_top0/u_ddr_mc_phy_wrapper/u_ddr_mc_phy/ddr_phy_4lanes_1.u_ddr_phy_4lanes/ddr_byte_lane_C.ddr_byte_lane_C/oserdes_clkdiv       |             5.0 |
| oserdes_clkdiv_7                                                                                                                                          | i_system_wrapper/system_i/axi_ddr_cntrl/u_system_axi_ddr_cntrl_0_mig/u_memc_ui_top_axi/mem_intfc0/ddr_phy_top0/u_ddr_mc_phy_wrapper/u_ddr_mc_phy/ddr_phy_4lanes_2.u_ddr_phy_4lanes/ddr_byte_lane_A.ddr_byte_lane_A/oserdes_clkdiv       |             2.5 |
| oserdes_clkdiv_8                                                                                                                                          | i_system_wrapper/system_i/axi_ddr_cntrl/u_system_axi_ddr_cntrl_0_mig/u_memc_ui_top_axi/mem_intfc0/ddr_phy_top0/u_ddr_mc_phy_wrapper/u_ddr_mc_phy/ddr_phy_4lanes_2.u_ddr_phy_4lanes/ddr_byte_lane_B.ddr_byte_lane_B/oserdes_clkdiv       |             2.5 |
| oserdes_clkdiv_9                                                                                                                                          | i_system_wrapper/system_i/axi_ddr_cntrl/u_system_axi_ddr_cntrl_0_mig/u_memc_ui_top_axi/mem_intfc0/ddr_phy_top0/u_ddr_mc_phy_wrapper/u_ddr_mc_phy/ddr_phy_4lanes_2.u_ddr_phy_4lanes/ddr_byte_lane_C.ddr_byte_lane_C/oserdes_clkdiv       |             2.5 |
| pll_clk3_out                                                                                                                                              | i_system_wrapper/system_i/axi_ddr_cntrl/u_system_axi_ddr_cntrl_0_mig/u_ddr3_infrastructure/pll_clk3_out                                                                                                                                 |             5.0 |
| pll_clkfbout                                                                                                                                              | i_system_wrapper/system_i/axi_ddr_cntrl/u_system_axi_ddr_cntrl_0_mig/u_ddr3_infrastructure/pll_clkfbout                                                                                                                                 |             5.0 |
| rx_div_clk                                                                                                                                                | i_system_wrapper/system_i/util_fmcjesdadc1_xcvr/inst/i_xch_0/rx_out_clk_s                                                                                                                                                               |             8.0 |
| rx_ref_clk                                                                                                                                                | rx_ref_clk_p                                                                                                                                                                                                                            |             4.0 |
| spi_clk                                                                                                                                                   | i_system_wrapper/spi_clk_OBUF                                                                                                                                                                                                           |            20.0 |
| spi_sdio_out_OBUF                                                                                                                                         | spi_sdio_out_OBUF                                                                                                                                                                                                                       |             8.0 |
| sync_pulse                                                                                                                                                | i_system_wrapper/system_i/axi_ddr_cntrl/u_system_axi_ddr_cntrl_0_mig/u_ddr3_infrastructure/sync_pulse                                                                                                                                   |            20.0 |
| sys_clk_p                                                                                                                                                 | sys_clk_p                                                                                                                                                                                                                               |             5.0 |
| u_memc_ui_top_axi/mem_intfc0/ddr_phy_top0/u_ddr_mc_phy_wrapper/u_ddr_mc_phy/ddr_phy_4lanes_0.u_ddr_phy_4lanes/ddr_byte_lane_A.ddr_byte_lane_A/iserdes_clk | i_system_wrapper/system_i/axi_ddr_cntrl/u_system_axi_ddr_cntrl_0_mig/u_memc_ui_top_axi/mem_intfc0/ddr_phy_top0/u_ddr_mc_phy_wrapper/u_ddr_mc_phy/ddr_phy_4lanes_0.u_ddr_phy_4lanes/ddr_byte_lane_A.ddr_byte_lane_A/A_rst_primitives_reg |             1.3 |
| u_memc_ui_top_axi/mem_intfc0/ddr_phy_top0/u_ddr_mc_phy_wrapper/u_ddr_mc_phy/ddr_phy_4lanes_0.u_ddr_phy_4lanes/ddr_byte_lane_B.ddr_byte_lane_B/iserdes_clk | i_system_wrapper/system_i/axi_ddr_cntrl/u_system_axi_ddr_cntrl_0_mig/u_memc_ui_top_axi/mem_intfc0/ddr_phy_top0/u_ddr_mc_phy_wrapper/u_ddr_mc_phy/ddr_phy_4lanes_0.u_ddr_phy_4lanes/ddr_byte_lane_B.ddr_byte_lane_B/A_rst_primitives_reg |             1.3 |
| u_memc_ui_top_axi/mem_intfc0/ddr_phy_top0/u_ddr_mc_phy_wrapper/u_ddr_mc_phy/ddr_phy_4lanes_0.u_ddr_phy_4lanes/ddr_byte_lane_C.ddr_byte_lane_C/iserdes_clk | i_system_wrapper/system_i/axi_ddr_cntrl/u_system_axi_ddr_cntrl_0_mig/u_memc_ui_top_axi/mem_intfc0/ddr_phy_top0/u_ddr_mc_phy_wrapper/u_ddr_mc_phy/ddr_phy_4lanes_0.u_ddr_phy_4lanes/ddr_byte_lane_C.ddr_byte_lane_C/A_rst_primitives_reg |             1.3 |
| u_memc_ui_top_axi/mem_intfc0/ddr_phy_top0/u_ddr_mc_phy_wrapper/u_ddr_mc_phy/ddr_phy_4lanes_0.u_ddr_phy_4lanes/ddr_byte_lane_D.ddr_byte_lane_D/iserdes_clk | i_system_wrapper/system_i/axi_ddr_cntrl/u_system_axi_ddr_cntrl_0_mig/u_memc_ui_top_axi/mem_intfc0/ddr_phy_top0/u_ddr_mc_phy_wrapper/u_ddr_mc_phy/ddr_phy_4lanes_0.u_ddr_phy_4lanes/ddr_byte_lane_D.ddr_byte_lane_D/A_rst_primitives_reg |             1.3 |
| u_memc_ui_top_axi/mem_intfc0/ddr_phy_top0/u_ddr_mc_phy_wrapper/u_ddr_mc_phy/ddr_phy_4lanes_2.u_ddr_phy_4lanes/ddr_byte_lane_A.ddr_byte_lane_A/iserdes_clk | i_system_wrapper/system_i/axi_ddr_cntrl/u_system_axi_ddr_cntrl_0_mig/u_memc_ui_top_axi/mem_intfc0/ddr_phy_top0/u_ddr_mc_phy_wrapper/u_ddr_mc_phy/ddr_phy_4lanes_2.u_ddr_phy_4lanes/ddr_byte_lane_A.ddr_byte_lane_A/A_rst_primitives_reg |             1.3 |
| u_memc_ui_top_axi/mem_intfc0/ddr_phy_top0/u_ddr_mc_phy_wrapper/u_ddr_mc_phy/ddr_phy_4lanes_2.u_ddr_phy_4lanes/ddr_byte_lane_B.ddr_byte_lane_B/iserdes_clk | i_system_wrapper/system_i/axi_ddr_cntrl/u_system_axi_ddr_cntrl_0_mig/u_memc_ui_top_axi/mem_intfc0/ddr_phy_top0/u_ddr_mc_phy_wrapper/u_ddr_mc_phy/ddr_phy_4lanes_2.u_ddr_phy_4lanes/ddr_byte_lane_B.ddr_byte_lane_B/A_rst_primitives_reg |             1.3 |
| u_memc_ui_top_axi/mem_intfc0/ddr_phy_top0/u_ddr_mc_phy_wrapper/u_ddr_mc_phy/ddr_phy_4lanes_2.u_ddr_phy_4lanes/ddr_byte_lane_C.ddr_byte_lane_C/iserdes_clk | i_system_wrapper/system_i/axi_ddr_cntrl/u_system_axi_ddr_cntrl_0_mig/u_memc_ui_top_axi/mem_intfc0/ddr_phy_top0/u_ddr_mc_phy_wrapper/u_ddr_mc_phy/ddr_phy_4lanes_2.u_ddr_phy_4lanes/ddr_byte_lane_C.ddr_byte_lane_C/A_rst_primitives_reg |             1.3 |
| u_memc_ui_top_axi/mem_intfc0/ddr_phy_top0/u_ddr_mc_phy_wrapper/u_ddr_mc_phy/ddr_phy_4lanes_2.u_ddr_phy_4lanes/ddr_byte_lane_D.ddr_byte_lane_D/iserdes_clk | i_system_wrapper/system_i/axi_ddr_cntrl/u_system_axi_ddr_cntrl_0_mig/u_memc_ui_top_axi/mem_intfc0/ddr_phy_top0/u_ddr_mc_phy_wrapper/u_ddr_mc_phy/ddr_phy_4lanes_2.u_ddr_phy_4lanes/ddr_byte_lane_D.ddr_byte_lane_D/A_rst_primitives_reg |             1.3 |
+-----------------------------------------------------------------------------------------------------------------------------------------------------------+-----------------------------------------------------------------------------------------------------------------------------------------------------------------------------------------------------------------------------------------+-----------------+


3. Detailed Reports
-------------------

3.1 By Hierarchy
----------------

+-----------------------------+-----------+
| Name                        | Power (W) |
+-----------------------------+-----------+
| system_top                  |     3.274 |
|   dbg_hub                   |     0.004 |
|     inst                    |     0.004 |
|       BSCANID.u_xsdbm_id    |     0.004 |
|   i_system_wrapper          |     3.154 |
|     system_i                |     3.154 |
|       axi_ad9250_core       |     0.013 |
|       axi_ad9250_jesd       |     0.017 |
|       axi_ad9250_xcvr       |     0.011 |
|       axi_cpu_interconnect  |     0.002 |
|       axi_ddr_cntrl         |     2.354 |
|       axi_gpio              |     0.003 |
|       axi_intc              |     0.001 |
|       axi_mem_interconnect  |     0.164 |
|       axi_spi               |     0.005 |
|       axi_sysid_0           |     0.002 |
|       ila_0                 |     0.034 |
|       sys_lmb_bram          |     0.010 |
|       sys_mb                |     0.068 |
|       sys_mb_debug          |     0.002 |
|       util_fmcjesdadc1_xcvr |     0.466 |
+-----------------------------+-----------+


