#-----------------------------------------------------------
# Vivado v2019.1 (64-bit)
# SW Build 2552052 on Fri May 24 14:49:42 MDT 2019
# IP Build 2548770 on Fri May 24 18:01:18 MDT 2019
# Start of session at: Fri Dec 17 13:19:31 2021
# Process ID: 3716
# Current directory: D:/JARS2x/adi_minimal_reduced_125MHz/hdl/projects/fmcjesdadc1/kc705
# Command line: vivado.exe -gui_launcher_event rodinguilauncherevent14852 D:\JARS2x\adi_minimal_reduced_125MHz\hdl\projects\fmcjesdadc1\kc705\fmcjesdadc1_kc705.xpr
# Log file: D:/JARS2x/adi_minimal_reduced_125MHz/hdl/projects/fmcjesdadc1/kc705/vivado.log
# Journal file: D:/JARS2x/adi_minimal_reduced_125MHz/hdl/projects/fmcjesdadc1/kc705\vivado.jou
#-----------------------------------------------------------
INFO: [Common 17-1460] Use of init.tcl in C:/Users/Usuario/AppData/Roaming/Xilinx/Vivado/init.tcl is deprecated. Please use Vivado_init.tcl 
Sourcing tcl script 'C:/Users/Usuario/AppData/Roaming/Xilinx/Vivado/init.tcl'
start_gui
open_project D:/JARS2x/adi_minimal_reduced_125MHz/hdl/projects/fmcjesdadc1/kc705/fmcjesdadc1_kc705.xpr
INFO: [Project 1-313] Project file moved from 'D:/JARS2x/adi_minimal_reduced2/hdl/projects/fmcjesdadc1/kc705' since last save.
Scanning sources...
Finished scanning sources
WARNING: [filemgmt 56-2] IP Repository Path: Could not find the directory 'D:/JARS2x/adi_minimal_reduced_125MHz/ghdl/library', nor could it be found using path 'D:/JARS2x/adi_minimal_reduced2/ghdl/library'.
INFO: [IP_Flow 19-234] Refreshing IP repositories
INFO: [IP_Flow 19-1700] Loaded user IP repository 'd:/JARS2x/adi_minimal_reduced_125MHz/hdl/library'.
WARNING: [IP_Flow 19-2248] Failed to load user IP repository 'd:/JARS2x/adi_minimal_reduced_125MHz/ghdl/library'; Can't find the specified path.
If this directory should no longer be in your list of user repositories, go to the IP Settings dialog and remove it.
INFO: [IP_Flow 19-2313] Loaded Vivado IP repository 'C:/Xilinx/Vivado/2019.1/data/ip'.
CRITICAL WARNING: [Common 17-1649] The Vivado message database 'D:/JARS2x/adi_minimal_reduced_125MHz/hdl/projects/fmcjesdadc1/kc705/fmcjesdadc1_kc705.runs/synth_1/vivado.pb' contains 26125 messages. Restoring all messages from this message database will impact Vivado performance, so only WARNING, CRITICAL WARNING, and ERROR messages will be restored. To restore all messages from this file use the tcl command 'set_param messaging.loadPbLimit 26126' and re-open the project.
open_project: Time (s): cpu = 00:00:27 ; elapsed = 00:00:47 . Memory (MB): peak = 967.793 ; gain = 333.887
update_compile_order -fileset sources_1
open_hw
connect_hw_server
INFO: [Labtools 27-2285] Connecting to hw_server url TCP:localhost:3121
INFO: [Labtools 27-2222] Launching hw_server...
INFO: [Labtools 27-2221] Launch Output:

****** Xilinx hw_server v2019.1
  **** Build date : May 24 2019 at 15:13:31
    ** Copyright 1986-2019 Xilinx, Inc. All Rights Reserved.


INFO: [Common 17-41] Interrupt caught. Command should exit soon.
INFO: [Labtools 27-2058] connect_hw_server command cancelled.
INFO: [Common 17-344] 'connect_hw_server' was cancelled
exit
INFO: [Common 17-206] Exiting Vivado at Fri Dec 17 08:23:47 2021...
